<?xml version="1.0" encoding="UTF-8"?>
<testng-results skipped="0" failed="0" total="1" passed="1">
  <reporter-output>
  </reporter-output>
  <suite name="Default suite" duration-ms="109065" started-at="2018-04-07T14:52:57Z" finished-at="2018-04-07T14:54:46Z">
    <groups>
    </groups>
    <test name="Default test" duration-ms="109065" started-at="2018-04-07T14:52:57Z" finished-at="2018-04-07T14:54:46Z">
      <class name="testCases.LoginVerfication">
        <test-method status="PASS" signature="init()[pri:0, instance:testCases.LoginVerfication@1d31475]" name="init" is-config="true" duration-ms="1115" started-at="2018-04-07T20:22:57Z" finished-at="2018-04-07T20:22:58Z">
          <reporter-output>
          </reporter-output>
        </test-method> <!-- init -->
        <test-method status="PASS" signature="loginTest(java.util.Hashtable)[pri:0, instance:testCases.LoginVerfication@1d31475]" name="loginTest" duration-ms="107496" started-at="2018-04-07T20:22:58Z" data-provider="getData" finished-at="2018-04-07T20:24:45Z">
          <params>
            <param index="0">
              <value>
                <![CDATA[{LoanName=sadfasdf, LoanPurposeId=Business Investment, FinantialYear=2018-19, Runmode=Y, CompanyCode=SRNG  Finance Pvt. Ltd., subLocationId=Jpr Lk, BranchCode=Jaipur-Main, UserName=jaguar, LoanRequiredDate=07/04/2018, Password=jaguar@123, LoanMobile=9090909090, LocationId=Jaipur Main, General=General, Browser=Chrome}]]>
              </value>
            </param>
          </params>
          <reporter-output>
          </reporter-output>
        </test-method> <!-- loginTest -->
        <test-method status="PASS" signature="quit()[pri:0, instance:testCases.LoginVerfication@1d31475]" name="quit" is-config="true" duration-ms="411" started-at="2018-04-07T20:24:45Z" finished-at="2018-04-07T20:24:46Z">
          <reporter-output>
          </reporter-output>
        </test-method> <!-- quit -->
      </class> <!-- testCases.LoginVerfication -->
    </test> <!-- Default test -->
  </suite> <!-- Default suite -->
</testng-results>
