<?xml version="1.0" encoding="UTF-8"?>
<testng-results skipped="0" failed="1" total="1" passed="0">
  <reporter-output>
  </reporter-output>
  <suite name="Default suite" duration-ms="199560" started-at="2018-04-24T16:57:26Z" finished-at="2018-04-24T17:00:45Z">
    <groups>
    </groups>
    <test name="Default test" duration-ms="199560" started-at="2018-04-24T16:57:26Z" finished-at="2018-04-24T17:00:45Z">
      <class name="testCases.LoginVerfication">
        <test-method status="PASS" signature="init()[pri:0, instance:testCases.LoginVerfication@1225652]" name="init" is-config="true" duration-ms="1083" started-at="2018-04-24T22:27:26Z" finished-at="2018-04-24T22:27:27Z">
          <reporter-output>
          </reporter-output>
        </test-method> <!-- init -->
        <test-method status="FAIL" signature="loginTest(java.util.Hashtable)[pri:0, instance:testCases.LoginVerfication@1225652]" name="loginTest" duration-ms="197999" started-at="2018-04-24T22:27:27Z" data-provider="getData" finished-at="2018-04-24T22:30:45Z">
          <params>
            <param index="0">
              <value>
                <![CDATA[{UserName=jaguar, AddressCity=Hyd, Document Charges=Document Charges, LoanMobile=9090909090, FirstName=ABCDEFGH, Hyderabad=Hyderabad, FamilyDetailsRelation=Wife, FamilyDetailsIncome=20000, Password=jaguar@123, Receivable=Receivable, LocationId=Jaipur Main, ChargeAmount=500, Income Tax=Income Tax, AddressDistanceFrom=10, Qualification=Graduate, AddressTehsilID=Agali, LoanName=sadfasdf, AddressState=Andhra Pradesh, Flat=Flat, CompanyCode=SRNG Finance Pvt. Ltd., LoanRequiredDate=07/04/2018, AddressHouseNo=9-121/A/3, AddressDistrict=Anantapur, AddressPincode=515151, FinantialYear=2018-19, IncomeSlab=None, KYCNumber=123412341234, BusinessSalied=Business, subLocationId=Jpr Lk, AddressColony=ABCDE, DOB=03/08/2010, General=General, SegmentOccupation=Other, Category=New, Runmode=Y, FamilyDetailsDOB=12/12/1998, Borrower=Borrower, BranchCode=Jaipur-Main, FamilyDetailsOccupation=asdfasdf, AddressCountry=India, LoanPurposeId=Business Investment, MarriageStatus=Married, FamilyDetailsName=PQRSFD, KYCName=Adharcard No, Browser=Chrome, SegmentId=Business}]]>
              </value>
            </param>
          </params>
          <exception class="org.openqa.selenium.NoSuchElementException">
            <message>
              <![CDATA[Cannot locate element with text: Agali
For documentation on this error, please visit: http://seleniumhq.org/exceptions/no_such_element.html
Build info: version: '3.11.0', revision: 'e59cfb3', time: '2018-03-11T20:33:08.638Z'
System info: host: 'SREEKANTH-PC', ip: '192.168.0.101', os.name: 'Windows 7', os.arch: 'x86', os.version: '6.1', java.version: '1.8.0_161'
Driver info: driver.version: unknown]]>
            </message>
            <full-stacktrace>
              <![CDATA[org.openqa.selenium.NoSuchElementException: Cannot locate element with text: Agali
For documentation on this error, please visit: http://seleniumhq.org/exceptions/no_such_element.html
Build info: version: '3.11.0', revision: 'e59cfb3', time: '2018-03-11T20:33:08.638Z'
System info: host: 'SREEKANTH-PC', ip: '192.168.0.101', os.name: 'Windows 7', os.arch: 'x86', os.version: '6.1', java.version: '1.8.0_161'
Driver info: driver.version: unknown
	at org.openqa.selenium.support.ui.Select.selectByVisibleText(Select.java:151)
	at testKeywords.GenericKeywords.dropDown(GenericKeywords.java:144)
	at testKeywords.Keyword.executeKeywords(Keyword.java:104)
	at testCases.LoginVerfication.loginTest(LoginVerfication.java:39)
	at sun.reflect.NativeMethodAccessorImpl.invoke0(Native Method)
	at sun.reflect.NativeMethodAccessorImpl.invoke(NativeMethodAccessorImpl.java:62)
	at sun.reflect.DelegatingMethodAccessorImpl.invoke(DelegatingMethodAccessorImpl.java:43)
	at java.lang.reflect.Method.invoke(Method.java:498)
	at org.testng.internal.MethodInvocationHelper.invokeMethod(MethodInvocationHelper.java:85)
	at org.testng.internal.Invoker.invokeMethod(Invoker.java:639)
	at org.testng.internal.Invoker.invokeTestMethod(Invoker.java:816)
	at org.testng.internal.Invoker.invokeTestMethods(Invoker.java:1124)
	at org.testng.internal.TestMethodWorker.invokeTestMethods(TestMethodWorker.java:125)
	at org.testng.internal.TestMethodWorker.run(TestMethodWorker.java:108)
	at org.testng.TestRunner.privateRun(TestRunner.java:774)
	at org.testng.TestRunner.run(TestRunner.java:624)
	at org.testng.SuiteRunner.runTest(SuiteRunner.java:359)
	at org.testng.SuiteRunner.runSequentially(SuiteRunner.java:354)
	at org.testng.SuiteRunner.privateRun(SuiteRunner.java:312)
	at org.testng.SuiteRunner.run(SuiteRunner.java:261)
	at org.testng.SuiteRunnerWorker.runSuite(SuiteRunnerWorker.java:52)
	at org.testng.SuiteRunnerWorker.run(SuiteRunnerWorker.java:86)
	at org.testng.TestNG.runSuitesSequentially(TestNG.java:1215)
	at org.testng.TestNG.runSuitesLocally(TestNG.java:1140)
	at org.testng.TestNG.run(TestNG.java:1048)
	at org.testng.remote.AbstractRemoteTestNG.run(AbstractRemoteTestNG.java:114)
	at org.testng.remote.RemoteTestNG.initAndRun(RemoteTestNG.java:251)
	at org.testng.remote.RemoteTestNG.main(RemoteTestNG.java:77)
]]>
            </full-stacktrace>
          </exception> <!-- org.openqa.selenium.NoSuchElementException -->
          <reporter-output>
          </reporter-output>
        </test-method> <!-- loginTest -->
        <test-method status="PASS" signature="quit()[pri:0, instance:testCases.LoginVerfication@1225652]" name="quit" is-config="true" duration-ms="422" started-at="2018-04-24T22:30:45Z" finished-at="2018-04-24T22:30:45Z">
          <reporter-output>
          </reporter-output>
        </test-method> <!-- quit -->
      </class> <!-- testCases.LoginVerfication -->
    </test> <!-- Default test -->
  </suite> <!-- Default suite -->
</testng-results>
